<?xml version="1.0" encoding="UTF-8"?>
<testsuite xmlns:xsi="http://www.w3.org/2001/XMLSchema-instance" xsi:noNamespaceSchemaLocation="https://maven.apache.org/surefire/maven-surefire-plugin/xsd/surefire-test-report-3.0.xsd" version="3.0" name="com.biju.SpringBootEksApplicationTests" time="4.857" tests="1" errors="0" skipped="0" failures="0">
  <properties>
[...]
</properties>
  <testcase name="contextLoads" classname="com.biju.SpringBootEksApplicationTests" time="1.143">
    <system-out><![CDATA[16:36:08.962 [main] INFO org.springframework.test.context.support.AnnotationConfigContextLoaderUtils -- Could not detect default configuration classes for test class [com.biju.SpringBootEksApplicationTests]: SpringBootEksApplicationTests does not declare any static, non-private, non-final, nested classes annotated with @Configuration.
16:36:09.106 [main] INFO org.springframework.boot.test.context.SpringBootTestContextBootstrapper -- Found @SpringBootConfiguration com.biju.SpringBootEksApplication for test class com.biju.SpringBootEksApplicationTests

  .   ____          _            __ _ _
 /\\ / ___'_ __ _ _(_)_ __  __ _ \ \ \ \
( ( )\___ | '_ | '_| | '_ \/ _` | \ \ \ \
 \\/  ___)| |_)| | | | | || (_| |  ) ) ) )
  '  |____| .__|_| |_|_| |_\__, | / / / /
 =========|_|==============|___/=/_/_/_/
 :: Spring Boot ::                (v3.2.0)

2025-06-25T16:36:09.615-05:00  INFO 8648 --- [           main] com.biju.SpringBootEksApplicationTests   : Starting SpringBootEksApplicationTests using Java 17.0.12 with PID 8648 (started by bijum in D:\Projects\Kubernetes\AWS-EKS)
2025-06-25T16:36:09.617-05:00  INFO 8648 --- [           main] com.biju.SpringBootEksApplicationTests   : No active profile set, falling back to 1 default profile: "default"
2025-06-25T16:36:12.262-05:00  INFO 8648 --- [           main] o.s.b.a.e.web.EndpointLinksResolver      : Exposing 13 endpoint(s) beneath base path '/actuator'
2025-06-25T16:36:12.357-05:00  INFO 8648 --- [           main] com.biju.SpringBootEksApplicationTests   : Started SpringBootEksApplicationTests in 3.057 seconds (process running for 4.843)
]]></system-out>
  </testcase>
</testsuite>